16:54:58.977 [main] INFO  api.test.UserTest - *************** Creating user ******************
16:55:07.799 [main] INFO  api.test.UserTest - *************** User is created ******************
16:55:07.914 [main] INFO  api.test.UserTest - *************** Reading user info ******************
16:55:09.246 [main] INFO  api.test.UserTest - *************** user info displayed ******************
16:55:09.261 [main] INFO  api.test.UserTest - *************** updating user ******************
16:55:10.788 [main] INFO  api.test.UserTest - ***************  user updated ******************
16:55:11.867 [main] INFO  api.test.UserTest - *************** deleting user ******************
16:55:13.047 [main] INFO  api.test.UserTest - *************** User deleted ******************
10:54:41.765 [main] INFO  api.test.UserTest2 - *************** Creating user ******************
10:54:41.850 [main] INFO  api.test.UserTest2 - *************** Reading user info ******************
10:54:41.865 [main] INFO  api.test.UserTest2 - *************** updating user ******************
10:54:41.881 [main] INFO  api.test.UserTest2 - *************** deleting user ******************
10:56:37.596 [main] INFO  api.test.UserTest - *************** Creating user ******************
10:56:42.947 [main] INFO  api.test.UserTest - *************** User is created ******************
10:56:42.980 [main] INFO  api.test.UserTest - *************** Reading user info ******************
10:56:44.008 [main] INFO  api.test.UserTest - *************** user info displayed ******************
10:56:44.018 [main] INFO  api.test.UserTest - *************** updating user ******************
10:56:44.995 [main] INFO  api.test.UserTest - ***************  user updated ******************
10:56:46.039 [main] INFO  api.test.UserTest - *************** deleting user ******************
10:56:46.997 [main] INFO  api.test.UserTest - *************** User deleted ******************
11:32:38.337 [main] INFO  api.test.UserTest2 - *************** Creating user ******************
11:32:45.383 [main] INFO  api.test.UserTest2 - *************** User is created ******************
11:32:45.443 [main] INFO  api.test.UserTest2 - *************** Reading user info ******************
11:32:46.522 [main] INFO  api.test.UserTest2 - *************** user info displayed ******************
11:32:46.530 [main] INFO  api.test.UserTest2 - *************** updating user ******************
11:32:47.571 [main] INFO  api.test.UserTest2 - ***************  user updated ******************
11:32:48.604 [main] INFO  api.test.UserTest2 - *************** deleting user ******************
11:32:49.631 [main] INFO  api.test.UserTest2 - *************** User deleted ******************
12:18:03.492 [main] INFO  api.test.UserTest2 - *************** Creating user ******************
12:18:11.216 [main] INFO  api.test.UserTest2 - *************** User is created ******************
12:18:11.295 [main] INFO  api.test.UserTest2 - *************** Reading user info ******************
12:18:12.377 [main] INFO  api.test.UserTest2 - *************** user info displayed ******************
12:18:12.381 [main] INFO  api.test.UserTest2 - *************** updating user ******************
12:18:13.378 [main] INFO  api.test.UserTest2 - ***************  user updated ******************
12:18:14.409 [main] INFO  api.test.UserTest2 - *************** deleting user ******************
12:18:15.401 [main] INFO  api.test.UserTest2 - *************** User deleted ******************
17:42:30.664 [main] INFO  api.test.UserTest2 - *************** Creating user ******************
17:42:40.047 [main] INFO  api.test.UserTest2 - *************** User is created ******************
17:42:40.101 [main] INFO  api.test.UserTest2 - *************** Reading user info ******************
17:42:41.198 [main] INFO  api.test.UserTest2 - *************** user info displayed ******************
17:42:41.205 [main] INFO  api.test.UserTest2 - *************** updating user ******************
17:42:42.177 [main] INFO  api.test.UserTest2 - ***************  user updated ******************
17:42:43.239 [main] INFO  api.test.UserTest2 - *************** deleting user ******************
17:42:44.228 [main] INFO  api.test.UserTest2 - *************** User deleted ******************
10:11:18.427 [main] INFO  api.test.UserTest2 - *************** Creating user ******************
10:12:04.094 [main] INFO  api.test.UserTest2 - *************** User is created ******************
10:12:04.179 [main] INFO  api.test.UserTest2 - *************** Reading user info ******************
10:12:05.340 [main] INFO  api.test.UserTest2 - *************** user info displayed ******************
10:12:05.347 [main] INFO  api.test.UserTest2 - *************** updating user ******************
10:12:06.465 [main] INFO  api.test.UserTest2 - ***************  user updated ******************
10:12:07.548 [main] INFO  api.test.UserTest2 - *************** deleting user ******************
10:12:08.631 [main] INFO  api.test.UserTest2 - *************** User deleted ******************
14:14:21.289 [main] INFO  api.test.UserTest2 - *************** Creating user ******************
14:14:25.241 [main] INFO  api.test.UserTest2 - *************** User is created ******************
14:14:25.262 [main] INFO  api.test.UserTest2 - *************** Reading user info ******************
14:14:26.364 [main] INFO  api.test.UserTest2 - *************** user info displayed ******************
14:14:26.366 [main] INFO  api.test.UserTest2 - *************** updating user ******************
14:14:27.440 [main] INFO  api.test.UserTest2 - ***************  user updated ******************
14:14:28.441 [main] INFO  api.test.UserTest2 - *************** deleting user ******************
14:14:29.573 [main] INFO  api.test.UserTest2 - *************** User deleted ******************
14:28:09.097 [main] INFO  api.test.UserTest2 - *************** Creating user ******************
14:28:13.880 [main] INFO  api.test.UserTest2 - *************** User is created ******************
14:28:13.901 [main] INFO  api.test.UserTest2 - *************** Reading user info ******************
14:28:15.001 [main] INFO  api.test.UserTest2 - *************** user info displayed ******************
14:28:15.004 [main] INFO  api.test.UserTest2 - *************** updating user ******************
14:28:16.036 [main] INFO  api.test.UserTest2 - ***************  user updated ******************
14:28:17.120 [main] INFO  api.test.UserTest2 - *************** deleting user ******************
14:28:18.199 [main] INFO  api.test.UserTest2 - *************** User deleted ******************
